ERROR - 2023-09-21 11:07:33 --> Error connecting to the database: mysqli_sql_exception: Access denied for user ''@'localhost' (using password: NO) in C:\laragon\www\ProductWithCategory\system\Database\MySQLi\Connection.php:185
Stack trace:
#0 C:\laragon\www\ProductWithCategory\system\Database\MySQLi\Connection.php(185): mysqli->real_connect('localhost', '', '', '', 3306, '', 0)
#1 C:\laragon\www\ProductWithCategory\system\Database\BaseConnection.php(391): CodeIgniter\Database\MySQLi\Connection->connect(false)
#2 C:\laragon\www\ProductWithCategory\system\Database\BaseConnection.php(574): CodeIgniter\Database\BaseConnection->initialize()
#3 C:\laragon\www\ProductWithCategory\system\Database\BaseBuilder.php(1615): CodeIgniter\Database\BaseConnection->query('SELECT *\nFROM `...', Array, false)
#4 C:\laragon\www\ProductWithCategory\system\Model.php(237): CodeIgniter\Database\BaseBuilder->get()
#5 C:\laragon\www\ProductWithCategory\system\BaseModel.php(624): CodeIgniter\Model->doFindAll(0, 0)
#6 C:\laragon\www\ProductWithCategory\app\Controllers\ProductController.php(12): CodeIgniter\BaseModel->findAll()
#7 C:\laragon\www\ProductWithCategory\system\CodeIgniter.php(919): App\Controllers\ProductController->index()
#8 C:\laragon\www\ProductWithCategory\system\CodeIgniter.php(494): CodeIgniter\CodeIgniter->runController(Object(App\Controllers\ProductController))
#9 C:\laragon\www\ProductWithCategory\system\CodeIgniter.php(353): CodeIgniter\CodeIgniter->handleRequest(NULL, Object(Config\Cache), false)
#10 C:\laragon\www\ProductWithCategory\public\index.php(79): CodeIgniter\CodeIgniter->run()
#11 C:\laragon\www\ProductWithCategory\system\Commands\Server\rewrite.php(47): require_once('C:\\laragon\\www\\...')
#12 {main}

Next CodeIgniter\Database\Exceptions\DatabaseException: Access denied for user ''@'localhost' (using password: NO) in C:\laragon\www\ProductWithCategory\system\Database\MySQLi\Connection.php:229
Stack trace:
#0 C:\laragon\www\ProductWithCategory\system\Database\BaseConnection.php(391): CodeIgniter\Database\MySQLi\Connection->connect(false)
#1 C:\laragon\www\ProductWithCategory\system\Database\BaseConnection.php(574): CodeIgniter\Database\BaseConnection->initialize()
#2 C:\laragon\www\ProductWithCategory\system\Database\BaseBuilder.php(1615): CodeIgniter\Database\BaseConnection->query('SELECT *\nFROM `...', Array, false)
#3 C:\laragon\www\ProductWithCategory\system\Model.php(237): CodeIgniter\Database\BaseBuilder->get()
#4 C:\laragon\www\ProductWithCategory\system\BaseModel.php(624): CodeIgniter\Model->doFindAll(0, 0)
#5 C:\laragon\www\ProductWithCategory\app\Controllers\ProductController.php(12): CodeIgniter\BaseModel->findAll()
#6 C:\laragon\www\ProductWithCategory\system\CodeIgniter.php(919): App\Controllers\ProductController->index()
#7 C:\laragon\www\ProductWithCategory\system\CodeIgniter.php(494): CodeIgniter\CodeIgniter->runController(Object(App\Controllers\ProductController))
#8 C:\laragon\www\ProductWithCategory\system\CodeIgniter.php(353): CodeIgniter\CodeIgniter->handleRequest(NULL, Object(Config\Cache), false)
#9 C:\laragon\www\ProductWithCategory\public\index.php(79): CodeIgniter\CodeIgniter->run()
#10 C:\laragon\www\ProductWithCategory\system\Commands\Server\rewrite.php(47): require_once('C:\\laragon\\www\\...')
#11 {main}
CRITICAL - 2023-09-21 11:07:33 --> Unable to connect to the database.
Main connection [MySQLi]: Access denied for user ''@'localhost' (using password: NO)
in SYSTEMPATH\Database\BaseConnection.php on line 427.
 1 SYSTEMPATH\Database\BaseConnection.php(574): CodeIgniter\Database\BaseConnection->initialize()
 2 SYSTEMPATH\Database\BaseBuilder.php(1615): CodeIgniter\Database\BaseConnection->query('SELECT *
FROM `table_shoes`', [], false)
 3 SYSTEMPATH\Model.php(237): CodeIgniter\Database\BaseBuilder->get()
 4 SYSTEMPATH\BaseModel.php(624): CodeIgniter\Model->doFindAll(0, 0)
 5 APPPATH\Controllers\ProductController.php(12): CodeIgniter\BaseModel->findAll()
 6 SYSTEMPATH\CodeIgniter.php(919): App\Controllers\ProductController->index()
 7 SYSTEMPATH\CodeIgniter.php(494): CodeIgniter\CodeIgniter->runController(Object(App\Controllers\ProductController))
 8 SYSTEMPATH\CodeIgniter.php(353): CodeIgniter\CodeIgniter->handleRequest(null, Object(Config\Cache), false)
 9 FCPATH\index.php(79): CodeIgniter\CodeIgniter->run()
10 SYSTEMPATH\Commands\Server\rewrite.php(47): require_once('C:\\laragon\\www\\ProductWithCategory\\public\\index.php')
ERROR - 2023-09-21 11:07:35 --> Error connecting to the database: mysqli_sql_exception: Access denied for user ''@'localhost' (using password: NO) in C:\laragon\www\ProductWithCategory\system\Database\MySQLi\Connection.php:185
Stack trace:
#0 C:\laragon\www\ProductWithCategory\system\Database\MySQLi\Connection.php(185): mysqli->real_connect('localhost', '', '', '', 3306, '', 0)
#1 C:\laragon\www\ProductWithCategory\system\Database\BaseConnection.php(391): CodeIgniter\Database\MySQLi\Connection->connect(false)
#2 C:\laragon\www\ProductWithCategory\system\Database\BaseConnection.php(574): CodeIgniter\Database\BaseConnection->initialize()
#3 C:\laragon\www\ProductWithCategory\system\Database\BaseBuilder.php(1615): CodeIgniter\Database\BaseConnection->query('SELECT *\nFROM `...', Array, false)
#4 C:\laragon\www\ProductWithCategory\system\Model.php(237): CodeIgniter\Database\BaseBuilder->get()
#5 C:\laragon\www\ProductWithCategory\system\BaseModel.php(624): CodeIgniter\Model->doFindAll(0, 0)
#6 C:\laragon\www\ProductWithCategory\app\Controllers\ProductController.php(12): CodeIgniter\BaseModel->findAll()
#7 C:\laragon\www\ProductWithCategory\system\CodeIgniter.php(919): App\Controllers\ProductController->index()
#8 C:\laragon\www\ProductWithCategory\system\CodeIgniter.php(494): CodeIgniter\CodeIgniter->runController(Object(App\Controllers\ProductController))
#9 C:\laragon\www\ProductWithCategory\system\CodeIgniter.php(353): CodeIgniter\CodeIgniter->handleRequest(NULL, Object(Config\Cache), false)
#10 C:\laragon\www\ProductWithCategory\public\index.php(79): CodeIgniter\CodeIgniter->run()
#11 C:\laragon\www\ProductWithCategory\system\Commands\Server\rewrite.php(47): require_once('C:\\laragon\\www\\...')
#12 {main}

Next CodeIgniter\Database\Exceptions\DatabaseException: Access denied for user ''@'localhost' (using password: NO) in C:\laragon\www\ProductWithCategory\system\Database\MySQLi\Connection.php:229
Stack trace:
#0 C:\laragon\www\ProductWithCategory\system\Database\BaseConnection.php(391): CodeIgniter\Database\MySQLi\Connection->connect(false)
#1 C:\laragon\www\ProductWithCategory\system\Database\BaseConnection.php(574): CodeIgniter\Database\BaseConnection->initialize()
#2 C:\laragon\www\ProductWithCategory\system\Database\BaseBuilder.php(1615): CodeIgniter\Database\BaseConnection->query('SELECT *\nFROM `...', Array, false)
#3 C:\laragon\www\ProductWithCategory\system\Model.php(237): CodeIgniter\Database\BaseBuilder->get()
#4 C:\laragon\www\ProductWithCategory\system\BaseModel.php(624): CodeIgniter\Model->doFindAll(0, 0)
#5 C:\laragon\www\ProductWithCategory\app\Controllers\ProductController.php(12): CodeIgniter\BaseModel->findAll()
#6 C:\laragon\www\ProductWithCategory\system\CodeIgniter.php(919): App\Controllers\ProductController->index()
#7 C:\laragon\www\ProductWithCategory\system\CodeIgniter.php(494): CodeIgniter\CodeIgniter->runController(Object(App\Controllers\ProductController))
#8 C:\laragon\www\ProductWithCategory\system\CodeIgniter.php(353): CodeIgniter\CodeIgniter->handleRequest(NULL, Object(Config\Cache), false)
#9 C:\laragon\www\ProductWithCategory\public\index.php(79): CodeIgniter\CodeIgniter->run()
#10 C:\laragon\www\ProductWithCategory\system\Commands\Server\rewrite.php(47): require_once('C:\\laragon\\www\\...')
#11 {main}
CRITICAL - 2023-09-21 11:07:35 --> Unable to connect to the database.
Main connection [MySQLi]: Access denied for user ''@'localhost' (using password: NO)
in SYSTEMPATH\Database\BaseConnection.php on line 427.
 1 SYSTEMPATH\Database\BaseConnection.php(574): CodeIgniter\Database\BaseConnection->initialize()
 2 SYSTEMPATH\Database\BaseBuilder.php(1615): CodeIgniter\Database\BaseConnection->query('SELECT *
FROM `table_shoes`', [], false)
 3 SYSTEMPATH\Model.php(237): CodeIgniter\Database\BaseBuilder->get()
 4 SYSTEMPATH\BaseModel.php(624): CodeIgniter\Model->doFindAll(0, 0)
 5 APPPATH\Controllers\ProductController.php(12): CodeIgniter\BaseModel->findAll()
 6 SYSTEMPATH\CodeIgniter.php(919): App\Controllers\ProductController->index()
 7 SYSTEMPATH\CodeIgniter.php(494): CodeIgniter\CodeIgniter->runController(Object(App\Controllers\ProductController))
 8 SYSTEMPATH\CodeIgniter.php(353): CodeIgniter\CodeIgniter->handleRequest(null, Object(Config\Cache), false)
 9 FCPATH\index.php(79): CodeIgniter\CodeIgniter->run()
10 SYSTEMPATH\Commands\Server\rewrite.php(47): require_once('C:\\laragon\\www\\ProductWithCategory\\public\\index.php')
CRITICAL - 2023-09-21 11:08:33 --> Invalid file: "products/index.php"
in SYSTEMPATH\Exceptions\FrameworkException.php on line 39.
 1 SYSTEMPATH\View\View.php(214): CodeIgniter\Exceptions\FrameworkException::forInvalidFile('products/index.php')
 2 SYSTEMPATH\Common.php(1188): CodeIgniter\View\View->render('products/index', [], true)
 3 APPPATH\Controllers\ProductController.php(13): view('products/index', [...])
 4 SYSTEMPATH\CodeIgniter.php(919): App\Controllers\ProductController->index()
 5 SYSTEMPATH\CodeIgniter.php(494): CodeIgniter\CodeIgniter->runController(Object(App\Controllers\ProductController))
 6 SYSTEMPATH\CodeIgniter.php(353): CodeIgniter\CodeIgniter->handleRequest(null, Object(Config\Cache), false)
 7 FCPATH\index.php(79): CodeIgniter\CodeIgniter->run()
 8 SYSTEMPATH\Commands\Server\rewrite.php(47): require_once('C:\\laragon\\www\\ProductWithCategory\\public\\index.php')
CRITICAL - 2023-09-21 11:09:31 --> Class "App\Controllers\CategoryModel" not found
in APPPATH\Controllers\ProductController.php on line 17.
 1 SYSTEMPATH\CodeIgniter.php(919): App\Controllers\ProductController->create()
 2 SYSTEMPATH\CodeIgniter.php(494): CodeIgniter\CodeIgniter->runController(Object(App\Controllers\ProductController))
 3 SYSTEMPATH\CodeIgniter.php(353): CodeIgniter\CodeIgniter->handleRequest(null, Object(Config\Cache), false)
 4 FCPATH\index.php(79): CodeIgniter\CodeIgniter->run()
 5 SYSTEMPATH\Commands\Server\rewrite.php(47): require_once('C:\\laragon\\www\\ProductWithCategory\\public\\index.php')
CRITICAL - 2023-09-21 11:10:29 --> Class "App\Controllers\CategoryModel" not found
in APPPATH\Controllers\ProductController.php on line 18.
 1 SYSTEMPATH\CodeIgniter.php(919): App\Controllers\ProductController->create()
 2 SYSTEMPATH\CodeIgniter.php(494): CodeIgniter\CodeIgniter->runController(Object(App\Controllers\ProductController))
 3 SYSTEMPATH\CodeIgniter.php(353): CodeIgniter\CodeIgniter->handleRequest(null, Object(Config\Cache), false)
 4 FCPATH\index.php(79): CodeIgniter\CodeIgniter->run()
 5 SYSTEMPATH\Commands\Server\rewrite.php(47): require_once('C:\\laragon\\www\\ProductWithCategory\\public\\index.php')
CRITICAL - 2023-09-21 11:10:31 --> Class "App\Controllers\CategoryModel" not found
in APPPATH\Controllers\ProductController.php on line 18.
 1 SYSTEMPATH\CodeIgniter.php(919): App\Controllers\ProductController->create()
 2 SYSTEMPATH\CodeIgniter.php(494): CodeIgniter\CodeIgniter->runController(Object(App\Controllers\ProductController))
 3 SYSTEMPATH\CodeIgniter.php(353): CodeIgniter\CodeIgniter->handleRequest(null, Object(Config\Cache), false)
 4 FCPATH\index.php(79): CodeIgniter\CodeIgniter->run()
 5 SYSTEMPATH\Commands\Server\rewrite.php(47): require_once('C:\\laragon\\www\\ProductWithCategory\\public\\index.php')
CRITICAL - 2023-09-21 11:10:31 --> Class "App\Controllers\CategoryModel" not found
in APPPATH\Controllers\ProductController.php on line 18.
 1 SYSTEMPATH\CodeIgniter.php(919): App\Controllers\ProductController->create()
 2 SYSTEMPATH\CodeIgniter.php(494): CodeIgniter\CodeIgniter->runController(Object(App\Controllers\ProductController))
 3 SYSTEMPATH\CodeIgniter.php(353): CodeIgniter\CodeIgniter->handleRequest(null, Object(Config\Cache), false)
 4 FCPATH\index.php(79): CodeIgniter\CodeIgniter->run()
 5 SYSTEMPATH\Commands\Server\rewrite.php(47): require_once('C:\\laragon\\www\\ProductWithCategory\\public\\index.php')
CRITICAL - 2023-09-21 11:10:32 --> Class "App\Controllers\CategoryModel" not found
in APPPATH\Controllers\ProductController.php on line 18.
 1 SYSTEMPATH\CodeIgniter.php(919): App\Controllers\ProductController->create()
 2 SYSTEMPATH\CodeIgniter.php(494): CodeIgniter\CodeIgniter->runController(Object(App\Controllers\ProductController))
 3 SYSTEMPATH\CodeIgniter.php(353): CodeIgniter\CodeIgniter->handleRequest(null, Object(Config\Cache), false)
 4 FCPATH\index.php(79): CodeIgniter\CodeIgniter->run()
 5 SYSTEMPATH\Commands\Server\rewrite.php(47): require_once('C:\\laragon\\www\\ProductWithCategory\\public\\index.php')
CRITICAL - 2023-09-21 11:10:33 --> Class "App\Controllers\CategoryModel" not found
in APPPATH\Controllers\ProductController.php on line 18.
 1 SYSTEMPATH\CodeIgniter.php(919): App\Controllers\ProductController->create()
 2 SYSTEMPATH\CodeIgniter.php(494): CodeIgniter\CodeIgniter->runController(Object(App\Controllers\ProductController))
 3 SYSTEMPATH\CodeIgniter.php(353): CodeIgniter\CodeIgniter->handleRequest(null, Object(Config\Cache), false)
 4 FCPATH\index.php(79): CodeIgniter\CodeIgniter->run()
 5 SYSTEMPATH\Commands\Server\rewrite.php(47): require_once('C:\\laragon\\www\\ProductWithCategory\\public\\index.php')
CRITICAL - 2023-09-21 13:06:48 --> Undefined variable $categories
in APPPATH\Views\products\index.php on line 19.
 1 APPPATH\Views\products\index.php(19): CodeIgniter\Debug\Exceptions->errorHandler(2, 'Undefined variable $categories', 'C:\\laragon\\www\\ProductWithCategory\\app\\Views\\products\\index.php', 19)
 2 SYSTEMPATH\View\View.php(226): include('C:\\laragon\\www\\ProductWithCategory\\app\\Views\\products\\index.php')
 3 SYSTEMPATH\View\View.php(229): CodeIgniter\View\View->CodeIgniter\View\{closure}()
 4 SYSTEMPATH\Common.php(1188): CodeIgniter\View\View->render('products/index', [], true)
 5 APPPATH\Controllers\ProductController.php(14): view('products/index', [...])
 6 SYSTEMPATH\CodeIgniter.php(919): App\Controllers\ProductController->index()
 7 SYSTEMPATH\CodeIgniter.php(494): CodeIgniter\CodeIgniter->runController(Object(App\Controllers\ProductController))
 8 SYSTEMPATH\CodeIgniter.php(353): CodeIgniter\CodeIgniter->handleRequest(null, Object(Config\Cache), false)
 9 FCPATH\index.php(79): CodeIgniter\CodeIgniter->run()
10 SYSTEMPATH\Commands\Server\rewrite.php(47): require_once('C:\\laragon\\www\\ProductWithCategory\\public\\index.php')
CRITICAL - 2023-09-21 13:09:24 --> Undefined variable $categories
in APPPATH\Views\products\index.php on line 22.
 1 APPPATH\Views\products\index.php(22): CodeIgniter\Debug\Exceptions->errorHandler(2, 'Undefined variable $categories', 'C:\\laragon\\www\\ProductWithCategory\\app\\Views\\products\\index.php', 22)
 2 SYSTEMPATH\View\View.php(226): include('C:\\laragon\\www\\ProductWithCategory\\app\\Views\\products\\index.php')
 3 SYSTEMPATH\View\View.php(229): CodeIgniter\View\View->CodeIgniter\View\{closure}()
 4 SYSTEMPATH\Common.php(1188): CodeIgniter\View\View->render('products/index', [], true)
 5 APPPATH\Controllers\ProductController.php(14): view('products/index', [...])
 6 SYSTEMPATH\CodeIgniter.php(919): App\Controllers\ProductController->index()
 7 SYSTEMPATH\CodeIgniter.php(494): CodeIgniter\CodeIgniter->runController(Object(App\Controllers\ProductController))
 8 SYSTEMPATH\CodeIgniter.php(353): CodeIgniter\CodeIgniter->handleRequest(null, Object(Config\Cache), false)
 9 FCPATH\index.php(79): CodeIgniter\CodeIgniter->run()
10 SYSTEMPATH\Commands\Server\rewrite.php(47): require_once('C:\\laragon\\www\\ProductWithCategory\\public\\index.php')
CRITICAL - 2023-09-21 13:09:25 --> Undefined variable $categories
in APPPATH\Views\products\index.php on line 22.
 1 APPPATH\Views\products\index.php(22): CodeIgniter\Debug\Exceptions->errorHandler(2, 'Undefined variable $categories', 'C:\\laragon\\www\\ProductWithCategory\\app\\Views\\products\\index.php', 22)
 2 SYSTEMPATH\View\View.php(226): include('C:\\laragon\\www\\ProductWithCategory\\app\\Views\\products\\index.php')
 3 SYSTEMPATH\View\View.php(229): CodeIgniter\View\View->CodeIgniter\View\{closure}()
 4 SYSTEMPATH\Common.php(1188): CodeIgniter\View\View->render('products/index', [], true)
 5 APPPATH\Controllers\ProductController.php(14): view('products/index', [...])
 6 SYSTEMPATH\CodeIgniter.php(919): App\Controllers\ProductController->index()
 7 SYSTEMPATH\CodeIgniter.php(494): CodeIgniter\CodeIgniter->runController(Object(App\Controllers\ProductController))
 8 SYSTEMPATH\CodeIgniter.php(353): CodeIgniter\CodeIgniter->handleRequest(null, Object(Config\Cache), false)
 9 FCPATH\index.php(79): CodeIgniter\CodeIgniter->run()
10 SYSTEMPATH\Commands\Server\rewrite.php(47): require_once('C:\\laragon\\www\\ProductWithCategory\\public\\index.php')
CRITICAL - 2023-09-21 13:09:25 --> Undefined variable $categories
in APPPATH\Views\products\index.php on line 22.
 1 APPPATH\Views\products\index.php(22): CodeIgniter\Debug\Exceptions->errorHandler(2, 'Undefined variable $categories', 'C:\\laragon\\www\\ProductWithCategory\\app\\Views\\products\\index.php', 22)
 2 SYSTEMPATH\View\View.php(226): include('C:\\laragon\\www\\ProductWithCategory\\app\\Views\\products\\index.php')
 3 SYSTEMPATH\View\View.php(229): CodeIgniter\View\View->CodeIgniter\View\{closure}()
 4 SYSTEMPATH\Common.php(1188): CodeIgniter\View\View->render('products/index', [], true)
 5 APPPATH\Controllers\ProductController.php(14): view('products/index', [...])
 6 SYSTEMPATH\CodeIgniter.php(919): App\Controllers\ProductController->index()
 7 SYSTEMPATH\CodeIgniter.php(494): CodeIgniter\CodeIgniter->runController(Object(App\Controllers\ProductController))
 8 SYSTEMPATH\CodeIgniter.php(353): CodeIgniter\CodeIgniter->handleRequest(null, Object(Config\Cache), false)
 9 FCPATH\index.php(79): CodeIgniter\CodeIgniter->run()
10 SYSTEMPATH\Commands\Server\rewrite.php(47): require_once('C:\\laragon\\www\\ProductWithCategory\\public\\index.php')
